<?xml version="1.0" encoding="UTF-8"?>
<!-- Generated by org.testng.reporters.JUnitReportReporter -->
<testsuite hostname="QSIH-00514" name="com.nk.tests.Hrms_Parameter_Login" tests="1" failures="0" timestamp="19 Jul 2017 11:40:47 GMT" time="1.368" errors="0">
  <testcase name="ValidLogin" time="1.368" classname="com.nk.tests.Hrms_Parameter_Login"/>
</testsuite> <!-- com.nk.tests.Hrms_Parameter_Login -->
