<?xml version="1.0" encoding="UTF-8"?>
<!-- Generated by org.testng.reporters.JUnitReportReporter -->
<testsuite hostname="QSIH-00514" name="com.nk.tests.Hrms_PhotoUpload" tests="1" failures="0" timestamp="10 Jul 2017 06:26:53 GMT" time="5.249" errors="0">
  <testcase name="ValidLogin" time="5.249" classname="com.nk.tests.Hrms_PhotoUpload"/>
</testsuite> <!-- com.nk.tests.Hrms_PhotoUpload -->
