<?xml version="1.0" encoding="UTF-8"?>
<!-- Generated by org.testng.reporters.JUnitReportReporter -->
<testsuite hostname="QSIH-00514" name="com.nk.tests.Hrms_Attendance" tests="1" failures="0" timestamp="8 Jul 2017 13:54:17 GMT" time="22.398" errors="0">
  <testcase name="consolidatedattendancetest" time="22.398" classname="com.nk.tests.Hrms_Attendance"/>
</testsuite> <!-- com.nk.tests.Hrms_Attendance -->
