<?xml version="1.0" encoding="UTF-8"?>
<!-- Generated by org.testng.reporters.JUnitReportReporter -->
<testsuite hostname="QSIH-00514" name="com.nk.tests.Hrms_DataProvider_Login" tests="2" failures="0" timestamp="19 Jul 2017 12:26:04 GMT" time="2.714" errors="0">
  <testcase name="logindata" time="1.203" classname="com.nk.tests.Hrms_DataProvider_Login"/>
  <testcase name="logindata" time="1.511" classname="com.nk.tests.Hrms_DataProvider_Login"/>
</testsuite> <!-- com.nk.tests.Hrms_DataProvider_Login -->
