<?xml version="1.0" encoding="UTF-8"?>
<!-- Generated by org.testng.reporters.JUnitReportReporter -->
<testsuite hostname="QSIH-00514" name="com.nk.tests.LoginTest" tests="1" failures="0" timestamp="7 Jul 2017 06:45:18 GMT" time="3.524" errors="0">
  <testcase name="clickonSubmitButton" time="3.524" classname="com.nk.tests.LoginTest"/>
</testsuite> <!-- com.nk.tests.LoginTest -->
