<?xml version="1.0" encoding="UTF-8"?>
<!-- Generated by org.testng.reporters.JUnitReportReporter -->
<testsuite hostname="QSIH-00514" name="com.nk.tests.CheckLeaves" tests="1" failures="0" timestamp="7 Jul 2017 07:23:34 GMT" time="3.269" errors="0">
  <testcase name="CheckLeaveBalance" time="3.269" classname="com.nk.tests.CheckLeaves"/>
</testsuite> <!-- com.nk.tests.CheckLeaves -->
