<?xml version="1.0" encoding="UTF-8"?>
<!-- Generated by org.testng.reporters.JUnitReportReporter -->
<testsuite hostname="QSIH-00514" name="com.nk.tests.Hrms_Login" tests="1" failures="0" timestamp="17 Jul 2017 09:57:03 GMT" time="1.507" errors="0">
  <testcase name="ValidLogin" time="1.507" classname="com.nk.tests.Hrms_Login"/>
</testsuite> <!-- com.nk.tests.Hrms_Login -->
