<?xml version="1.0" encoding="UTF-8"?>
<!-- Generated by org.testng.reporters.JUnitReportReporter -->
<testsuite hostname="QSIH-00514" name="com.nk.tests.Hrms_Leaves" tests="1" failures="0" timestamp="11 Jul 2017 09:03:10 GMT" time="4.417" errors="0">
  <testcase name="CheckLeaveBalance" time="4.417" classname="com.nk.tests.Hrms_Leaves"/>
</testsuite> <!-- com.nk.tests.Hrms_Leaves -->
