<?xml version="1.0" encoding="UTF-8"?>
<!-- Generated by org.testng.reporters.JUnitReportReporter -->
<testsuite hostname="QSIH-00514" name="com.nk.tests.Hrms_Login" tests="1" failures="0" timestamp="25 Jul 2017 11:36:18 GMT" time="2.501" errors="0">
  <testcase name="ValidLogin" time="2.501" classname="com.nk.tests.Hrms_Login"/>
</testsuite> <!-- com.nk.tests.Hrms_Login -->
